2025-04-15 18:29:31,967 - ERROR - Project Scaffold Error: '\n  "project_root"'
2025-04-15 18:29:41,930 - ERROR - Project Scaffold Error: '\n  "project_root"'
2025-04-15 18:34:47,725 - ERROR - Project Scaffold Error: '\n  "project_root"'
2025-04-15 18:34:58,166 - ERROR - Project Scaffold Error: '\n  "project_root"'
2025-04-15 18:36:11,483 - ERROR - Project Scaffold Error: '\n  "project_root"'
2025-04-15 18:36:16,945 - ERROR - Project Scaffold Error: '\n  "project_root"'
2025-04-15 18:36:40,039 - ERROR - Project Scaffold Error: '\n  "project_root"'
2025-04-15 18:36:55,660 - ERROR - Project Scaffold Error: '\n  "project_root"'
2025-04-15 18:37:17,590 - ERROR - Project Scaffold Error: '\n  "project_root"'
2025-04-15 18:38:25,593 - ERROR - Project Scaffold Error: '\n  "project_root"'
2025-04-15 18:38:29,464 - ERROR - Project Scaffold Error: '\n  "project_root"'
2025-04-15 18:38:40,981 - ERROR - Project Scaffold Error: '\n  "project_root"'
2025-04-15 18:38:57,976 - ERROR - Project Scaffold Error: '\n  "project_root"'
2025-04-15 18:39:29,168 - ERROR - Project Scaffold Error: '\n  "project_root"'
2025-04-15 18:39:37,950 - ERROR - Project Scaffold Error: '\n  "project_root"'
2025-04-15 18:40:05,073 - ERROR - Project Scaffold Error: '\n  "project_root"'
2025-04-15 18:41:56,987 - ERROR - Failed to parse JSON from Qroq response.
2025-04-15 18:43:07,436 - ERROR - Failed to parse JSON from Qroq response.
2025-04-15 18:48:10,340 - ERROR - Unknown structure type for __init__.py: 
2025-04-15 18:48:10,341 - ERROR - Unknown structure type for run.py: 
2025-04-15 18:48:10,341 - ERROR - Unknown structure type for README.md: 
2025-04-15 19:07:18,242 - ERROR - Project Scaffold Error: no such table: projects
2025-04-15 19:07:36,068 - ERROR - Project Scaffold Error: no such table: projects
2025-04-15 19:08:13,343 - ERROR - Unknown structure type for __init__.py: 
2025-04-15 19:08:13,344 - ERROR - Unknown structure type for run.py: 
2025-04-15 19:08:13,344 - ERROR - Project Scaffold Error: no such table: projects
2025-04-15 21:00:57,454 - ERROR - Documentation generation error: No item with that key
