2025-04-15 18:41:50,205 - INFO - Generating project structure for: Hotel Management system
2025-04-15 18:42:46,802 - INFO - Generating project structure for: Hotel Management system
2025-04-15 18:43:00,468 - INFO - Generating project structure for: Hotel Management system
2025-04-15 18:45:52,499 - INFO - Generating project structure for: Hotel Management system
2025-04-15 18:46:01,713 - INFO - Generating project structure for: Hotel Management system
2025-04-15 18:46:01,724 - INFO - Project structure saved at: generated_projects/Hotel Management system
2025-04-15 18:46:05,008 - INFO - Project structure saved at: generated_projects/Hotel Management system
2025-04-15 18:48:08,385 - INFO - Generating project structure for: Hotel Management system
2025-04-15 18:48:10,341 - INFO - Project structure saved at: generated_projects/Hotel Management system
2025-04-15 18:49:59,719 - INFO - Generating project structure for: Hotel Management system
2025-04-15 18:50:01,753 - INFO - Project structure saved at: generated_projects/Hotel Management system
2025-04-15 19:07:16,091 - INFO - Generating project structure for: Hotel Management system
2025-04-15 19:07:34,422 - INFO - Generating project structure for: Hotel Management system
2025-04-15 19:08:11,867 - INFO - Generating project structure for: Hotel Management system
2025-04-15 19:10:00,791 - INFO - Generating project structure for: Hotel Management system
2025-04-15 19:10:02,542 - INFO - Project structure saved at: generated_projects/Hotel Management system
2025-04-15 20:49:50,357 - INFO - Generating code comments using Qroq...
2025-04-15 20:49:56,426 - INFO - Successfully generated commented code.
2025-04-15 20:50:25,380 - INFO - Generating code comments using Qroq...
2025-04-15 20:50:27,160 - INFO - Successfully generated commented code.
2025-04-15 21:08:52,865 - INFO - Documentation generated for project: Hotel Management system
2025-04-15 21:09:23,191 - INFO - Documentation generated for project: Hotel Management system
2025-04-15 21:12:09,395 - INFO - Documentation generated for project: Hotel Management system
